0 info it worked if it ends with ok
1 verbose cli [ '/usr/local/bin/node',
1 verbose cli   '/usr/local/bin/npm',
1 verbose cli   'install',
1 verbose cli   'ios-sim@lastest' ]
2 info using npm@3.10.10
3 info using node@v6.10.2
4 silly loadCurrentTree Starting
5 silly install loadCurrentTree
6 silly install readLocalPackageData
7 silly fetchPackageMetaData ios-sim@lastest
8 silly fetchNamedPackageData ios-sim
9 silly mapToRegistry name ios-sim
10 silly mapToRegistry using default registry
11 silly mapToRegistry registry https://registry.npm.taobao.org/
12 silly mapToRegistry data Result {
12 silly mapToRegistry   raw: 'ios-sim',
12 silly mapToRegistry   scope: null,
12 silly mapToRegistry   escapedName: 'ios-sim',
12 silly mapToRegistry   name: 'ios-sim',
12 silly mapToRegistry   rawSpec: '',
12 silly mapToRegistry   spec: 'latest',
12 silly mapToRegistry   type: 'tag' }
13 silly mapToRegistry uri https://registry.npm.taobao.org/ios-sim
14 verbose request uri https://registry.npm.taobao.org/ios-sim
15 verbose request no auth needed
16 info attempt registry request try #1 at 16:35:56
17 verbose request id 2376c2f38dc7a9e8
18 verbose etag "a998-Mtq4L/1LanQf/8PeP0GgQ6bh8sg"
19 http request GET https://registry.npm.taobao.org/ios-sim
20 http 200 https://registry.npm.taobao.org/ios-sim
21 verbose headers { date: 'Thu, 17 Aug 2017 08:35:56 GMT',
21 verbose headers   'content-type': 'application/json; charset=utf-8',
21 verbose headers   'content-length': '49822',
21 verbose headers   connection: 'keep-alive',
21 verbose headers   'x-current-requests': '1',
21 verbose headers   etag: '"c29e-+IB058y1SmlP157IoTIc/ZmR6N4"',
21 verbose headers   'x-readtime': '13' }
22 silly get cb [ 200,
22 silly get   { date: 'Thu, 17 Aug 2017 08:35:56 GMT',
22 silly get     'content-type': 'application/json; charset=utf-8',
22 silly get     'content-length': '49822',
22 silly get     connection: 'keep-alive',
22 silly get     'x-current-requests': '1',
22 silly get     etag: '"c29e-+IB058y1SmlP157IoTIc/ZmR6N4"',
22 silly get     'x-readtime': '13' } ]
23 verbose get saving ios-sim to /Users/five/.npm/registry.npm.taobao.org/ios-sim/.cache.json
24 verbose correctMkdir /Users/five/.npm correctMkdir not in flight; initializing
25 silly fetchPackageMetaData Error: No compatible version found: ios-sim@lastest
25 silly fetchPackageMetaData Valid install targets:
25 silly fetchPackageMetaData 6.0.0, 5.1.0, 5.0.13, 5.0.12, 5.0.11, 5.0.10, 5.0.9, 5.0.8, 5.0.7, 5.0.6, 5.0.5, 5.0.4, 5.0.3, 5.0.2, 5.0.1, 5.0.0, 4.1.1, 4.1.0, 3.2.0, 3.1.1, 3.1.0, 3.0.0, 2.0.1, 2.0.0, 1.9.0, 1.8.2, 1.8.1, 1.8.0
25 silly fetchPackageMetaData
25 silly fetchPackageMetaData     at pickVersionFromRegistryDocument (/usr/local/lib/node_modules/npm/lib/fetch-package-metadata.js:178:16)
25 silly fetchPackageMetaData     at /usr/local/lib/node_modules/npm/node_modules/iferr/index.js:13:50
25 silly fetchPackageMetaData     at /usr/local/lib/node_modules/npm/lib/utils/pulse-till-done.js:20:8
25 silly fetchPackageMetaData     at saved (/usr/local/lib/node_modules/npm/lib/cache/caching-client.js:174:7)
25 silly fetchPackageMetaData     at /usr/local/lib/node_modules/npm/node_modules/graceful-fs/polyfills.js:241:18
25 silly fetchPackageMetaData     at FSReqWrap.oncomplete (fs.js:123:15)
25 silly fetchPackageMetaData  error for ios-sim@lastest { Error: No compatible version found: ios-sim@lastest
25 silly fetchPackageMetaData Valid install targets:
25 silly fetchPackageMetaData 6.0.0, 5.1.0, 5.0.13, 5.0.12, 5.0.11, 5.0.10, 5.0.9, 5.0.8, 5.0.7, 5.0.6, 5.0.5, 5.0.4, 5.0.3, 5.0.2, 5.0.1, 5.0.0, 4.1.1, 4.1.0, 3.2.0, 3.1.1, 3.1.0, 3.0.0, 2.0.1, 2.0.0, 1.9.0, 1.8.2, 1.8.1, 1.8.0
25 silly fetchPackageMetaData
25 silly fetchPackageMetaData     at pickVersionFromRegistryDocument (/usr/local/lib/node_modules/npm/lib/fetch-package-metadata.js:178:16)
25 silly fetchPackageMetaData     at /usr/local/lib/node_modules/npm/node_modules/iferr/index.js:13:50
25 silly fetchPackageMetaData     at /usr/local/lib/node_modules/npm/lib/utils/pulse-till-done.js:20:8
25 silly fetchPackageMetaData     at saved (/usr/local/lib/node_modules/npm/lib/cache/caching-client.js:174:7)
25 silly fetchPackageMetaData     at /usr/local/lib/node_modules/npm/node_modules/graceful-fs/polyfills.js:241:18
25 silly fetchPackageMetaData     at FSReqWrap.oncomplete (fs.js:123:15) code: 'ETARGET' }
26 silly rollbackFailedOptional Starting
27 silly rollbackFailedOptional Finishing
28 silly runTopLevelLifecycles Finishing
29 silly install printInstalled
30 verbose stack Error: No compatible version found: ios-sim@lastest
30 verbose stack Valid install targets:
30 verbose stack 6.0.0, 5.1.0, 5.0.13, 5.0.12, 5.0.11, 5.0.10, 5.0.9, 5.0.8, 5.0.7, 5.0.6, 5.0.5, 5.0.4, 5.0.3, 5.0.2, 5.0.1, 5.0.0, 4.1.1, 4.1.0, 3.2.0, 3.1.1, 3.1.0, 3.0.0, 2.0.1, 2.0.0, 1.9.0, 1.8.2, 1.8.1, 1.8.0
30 verbose stack
30 verbose stack     at pickVersionFromRegistryDocument (/usr/local/lib/node_modules/npm/lib/fetch-package-metadata.js:178:16)
30 verbose stack     at /usr/local/lib/node_modules/npm/node_modules/iferr/index.js:13:50
30 verbose stack     at /usr/local/lib/node_modules/npm/lib/utils/pulse-till-done.js:20:8
30 verbose stack     at saved (/usr/local/lib/node_modules/npm/lib/cache/caching-client.js:174:7)
30 verbose stack     at /usr/local/lib/node_modules/npm/node_modules/graceful-fs/polyfills.js:241:18
30 verbose stack     at FSReqWrap.oncomplete (fs.js:123:15)
31 verbose cwd /Users/five/zhangshenwu-files/projects/books-app
32 error Darwin 16.7.0
33 error argv "/usr/local/bin/node" "/usr/local/bin/npm" "install" "ios-sim@lastest"
34 error node v6.10.2
35 error npm  v3.10.10
36 error code ETARGET
37 error notarget No compatible version found: ios-sim@lastest
37 error notarget Valid install targets:
37 error notarget 6.0.0, 5.1.0, 5.0.13, 5.0.12, 5.0.11, 5.0.10, 5.0.9, 5.0.8, 5.0.7, 5.0.6, 5.0.5, 5.0.4, 5.0.3, 5.0.2, 5.0.1, 5.0.0, 4.1.1, 4.1.0, 3.2.0, 3.1.1, 3.1.0, 3.0.0, 2.0.1, 2.0.0, 1.9.0, 1.8.2, 1.8.1, 1.8.0
38 error notarget This is most likely not a problem with npm itself.
38 error notarget In most cases you or one of your dependencies are requesting
38 error notarget a package version that doesn't exist.
39 verbose exit [ 1, true ]
